benchmark_set/ISPD98_ibm01.hgr 14112 12753 9027 85787921 0
benchmark_set/ISPD98_ibm02.hgr 19585 19602 13307 106739504 0
benchmark_set/ISPD98_ibm03.hgr 27402 23137 17178 91071928 0
benchmark_set/ISPD98_ibm04.hgr 31971 27508 20612 195818667 0
benchmark_set/ISPD98_ibm05.hgr 28447 29348 18990 124342310 0
benchmark_set/ISPD98_ibm06.hgr 34827 32499 22342 168812342 0
benchmark_set/ISPD98_ibm07.hgr 48118 45927 30726 222791090 0
benchmark_set/ISPD98_ibm08.hgr 50514 51310 32326 366474720 0
benchmark_set/ISPD98_ibm09.hgr 60903 53396 39355 315626867 0
benchmark_set/ISPD98_ibm10.hgr 75197 69430 45997 324854468 0
benchmark_set/ISPD98_ibm11.hgr 81455 70559 49820 467272681 0
benchmark_set/ISPD98_ibm12.hgr 77241 71077 48816 252308390 0
benchmark_set/ISPD98_ibm13.hgr 99667 84200 60961 217978901 0
benchmark_set/ISPD98_ibm14.hgr 152773 147606 92142 823669951 0
benchmark_set/ISPD98_ibm15.hgr 186609 161571 117083 856907729 0
benchmark_set/ISPD98_ibm16.hgr 190049 183485 118959 1017515326 0
benchmark_set/ISPD98_ibm17.hgr 189582 185496 122601 908477335 0
benchmark_set/ISPD98_ibm18.hgr 201921 210614 133491 769337929 0
benchmark_set/dac2012_superblue11.hgr 935732 952508 100933 2838383430 0
benchmark_set/dac2012_superblue12.hgr 1293437 1291932 256362 4271230007 0
benchmark_set/dac2012_superblue14.hgr 619816 630803 104323 2492342191 0
benchmark_set/dac2012_superblue16.hgr 697459 698340 131398 2524359540 0
benchmark_set/dac2012_superblue19.hgr 511686 522483 65080 3820735494 0
benchmark_set/dac2012_superblue2.hgr 990900 1010322 144466 2713943667 0
benchmark_set/dac2012_superblue3.hgr 898002 917945 113425 3707919001 0
benchmark_set/dac2012_superblue6.hgr 1006630 1011663 88347 3560740857 0
benchmark_set/dac2012_superblue7.hgr 1340419 1360218 241393 4047821002 0
benchmark_set/dac2012_superblue9.hgr 833809 844333 95059 4975798357 0
