benchmark_set/ISPD98_ibm01.hgr 14112 12753 1942 3229271982 10
benchmark_set/ISPD98_ibm02.hgr 19585 19602 1197 5718182273 9
benchmark_set/ISPD98_ibm03.hgr 27402 23137 4378 12422337707 18
benchmark_set/ISPD98_ibm04.hgr 31971 27508 5180 12031649149 14
benchmark_set/ISPD98_ibm05.hgr 28447 29348 6788 19734833430 27
benchmark_set/ISPD98_ibm06.hgr 34827 32499 5625 36670460809 39
benchmark_set/ISPD98_ibm07.hgr 48118 45927 8254 42704186219 30
benchmark_set/ISPD98_ibm08.hgr 50514 51310 9071 25319103101 15
benchmark_set/ISPD98_ibm09.hgr 60903 53396 10324 39185111889 22
benchmark_set/ISPD98_ibm10.hgr 75197 69430 13004 33534615206 13
benchmark_set/ISPD98_ibm11.hgr 81455 70559 13443 58899516280 26
benchmark_set/ISPD98_ibm12.hgr 77241 71077 14668 74913149944 34
benchmark_set/ISPD98_ibm13.hgr 99667 84200 16457 60774577969 21
benchmark_set/ISPD98_ibm14.hgr 152773 147606 23257 120726545660 30
benchmark_set/ISPD98_ibm15.hgr 186609 161571 30424 104755153219 19
benchmark_set/ISPD98_ibm16.hgr 190049 183485 34094 215214853756 57
benchmark_set/ISPD98_ibm17.hgr 189582 185496 40445 144313063654 25
benchmark_set/ISPD98_ibm18.hgr 201921 210614 32410 202909370217 46
benchmark_set/dac2012_superblue11.hgr 935732 952508 22707 158753951068 10
benchmark_set/dac2012_superblue12.hgr 1293437 1291932 35214 212588770972 8
benchmark_set/dac2012_superblue14.hgr 619816 630803 21452 204863121435 19
benchmark_set/dac2012_superblue16.hgr 697459 698340 20009 135189532596 11
benchmark_set/dac2012_superblue19.hgr 511686 522483 16651 183681981342 12
benchmark_set/dac2012_superblue2.hgr 990900 1010322 52159 185334605365 12
benchmark_set/dac2012_superblue3.hgr 898002 917945 20663 204112329426 13
benchmark_set/dac2012_superblue6.hgr 1006630 1011663 21105 171132066421 9
benchmark_set/dac2012_superblue7.hgr 1340419 1360218 57791 237675216726 13
benchmark_set/dac2012_superblue9.hgr 833809 844333 25918 213670867661 11
