benchmark_set/ISPD98_ibm01.hgr 14112 12753 1942 4383785537 10
benchmark_set/ISPD98_ibm02.hgr 19585 19602 1197 5841475852 9
benchmark_set/ISPD98_ibm03.hgr 27402 23137 4378 6228635775 18
benchmark_set/ISPD98_ibm04.hgr 31971 27508 5180 14316547723 14
benchmark_set/ISPD98_ibm05.hgr 28447 29348 6788 25774675963 27
benchmark_set/ISPD98_ibm06.hgr 34827 32499 5625 42728100729 39
benchmark_set/ISPD98_ibm07.hgr 48118 45927 8254 40768310777 30
benchmark_set/ISPD98_ibm08.hgr 50514 51310 9071 32560603694 15
benchmark_set/ISPD98_ibm09.hgr 60903 53396 10324 45272391623 22
benchmark_set/ISPD98_ibm10.hgr 75197 69430 13004 41939428931 13
benchmark_set/ISPD98_ibm11.hgr 81455 70559 13443 71760480805 26
benchmark_set/ISPD98_ibm12.hgr 77241 71077 14668 86123443260 34
benchmark_set/ISPD98_ibm13.hgr 99667 84200 16457 65211538237 21
benchmark_set/ISPD98_ibm14.hgr 152773 147606 23257 135605619120 30
benchmark_set/ISPD98_ibm15.hgr 186609 161571 30424 112604954883 19
benchmark_set/ISPD98_ibm16.hgr 190049 183485 34094 252017380964 57
benchmark_set/ISPD98_ibm17.hgr 189582 185496 40445 167032823268 25
benchmark_set/ISPD98_ibm18.hgr 201921 210614 32410 243630821256 46
benchmark_set/dac2012_superblue11.hgr 935732 952508 22707 177701093426 10
benchmark_set/dac2012_superblue12.hgr 1293437 1291932 35214 245308876025 8
benchmark_set/dac2012_superblue14.hgr 619816 630803 21452 240850860689 19
benchmark_set/dac2012_superblue16.hgr 697459 698340 20009 150885101499 11
benchmark_set/dac2012_superblue19.hgr 511686 522483 16651 211458123259 12
benchmark_set/dac2012_superblue2.hgr 990900 1010322 52159 214314971111 12
benchmark_set/dac2012_superblue3.hgr 898002 917945 20663 230668915824 13
benchmark_set/dac2012_superblue6.hgr 1006630 1011663 21105 199967043448 9
benchmark_set/dac2012_superblue7.hgr 1340419 1360218 57791 270176077380 13
benchmark_set/dac2012_superblue9.hgr 833809 844333 25918 238627058222 11
