benchmark_set/ISPD98_ibm01.hgr 14112 12753 786 669879237 11
benchmark_set/ISPD98_ibm02.hgr 19585 19602 962 3529747429 16
benchmark_set/ISPD98_ibm03.hgr 27402 23137 1695 2007226350 21
benchmark_set/ISPD98_ibm04.hgr 31971 27508 3269 2599882270 14
benchmark_set/ISPD98_ibm05.hgr 28447 29348 2371 6411705582 29
benchmark_set/ISPD98_ibm06.hgr 34827 32499 1590 5391442573 24
benchmark_set/ISPD98_ibm07.hgr 48118 45927 2513 7718196289 23
benchmark_set/ISPD98_ibm08.hgr 50514 51310 3260 12735158003 32
benchmark_set/ISPD98_ibm09.hgr 60903 53396 3856 6497657432 17
benchmark_set/ISPD98_ibm10.hgr 75197 69430 2580 6171794559 14
benchmark_set/ISPD98_ibm11.hgr 81455 70559 7680 12013799330 24
benchmark_set/ISPD98_ibm12.hgr 77241 71077 4436 7729647984 13
benchmark_set/ISPD98_ibm13.hgr 99667 84200 3350 7543786853 13
benchmark_set/ISPD98_ibm14.hgr 152773 147606 10996 17331585491 23
benchmark_set/ISPD98_ibm15.hgr 186609 161571 10291 20178043675 22
benchmark_set/ISPD98_ibm16.hgr 190049 183485 5455 22108304926 19
benchmark_set/ISPD98_ibm17.hgr 189582 185496 11696 32519207793 30
benchmark_set/ISPD98_ibm18.hgr 201921 210614 4073 24501146426 20
benchmark_set/dac2012_superblue11.hgr 935732 952508 14002 43299315609 12
benchmark_set/dac2012_superblue12.hgr 1293437 1291932 32238 128500107962 25
benchmark_set/dac2012_superblue14.hgr 619816 630803 15209 76573821140 28
benchmark_set/dac2012_superblue16.hgr 697459 698340 24325 58941015920 27
benchmark_set/dac2012_superblue19.hgr 511686 522483 13033 53655840645 10
benchmark_set/dac2012_superblue2.hgr 990900 1010322 37014 74541606218 24
benchmark_set/dac2012_superblue3.hgr 898002 917945 13955 53869316472 12
benchmark_set/dac2012_superblue6.hgr 1006630 1011663 15884 58968521923 14
benchmark_set/dac2012_superblue7.hgr 1340419 1360218 49491 119757655233 29
benchmark_set/dac2012_superblue9.hgr 833809 844333 17919 48488954567 6
